<?xml version="1.0" encoding="UTF-8"?>
<testsuite xmlns:xsi="http://www.w3.org/2001/XMLSchema-instance" xsi:noNamespaceSchemaLocation="https://maven.apache.org/surefire/maven-surefire-plugin/xsd/surefire-test-report.xsd" name="ru.praktikum_services.qa_scooter.LoginCourierTest" time="1.195" tests="4" errors="0" skipped="0" failures="0">
  <properties>
[...]
</properties>
  <testcase name="courierLoginWithEmptyLoginTest" classname="ru.praktikum_services.qa_scooter.LoginCourierTest" time="0.364"/>
  <testcase name="courierLoginWithEmptyPasswordTest" classname="ru.praktikum_services.qa_scooter.LoginCourierTest" time="0.181"/>
  <testcase name="courierLoginTest" classname="ru.praktikum_services.qa_scooter.LoginCourierTest" time="0.422"/>
  <testcase name="courierLoginNonExistDataTest" classname="ru.praktikum_services.qa_scooter.LoginCourierTest" time="0.21"/>
</testsuite>